<?xml version="1.0" encoding="UTF-8"?>
<testng-results skipped="1" failed="1" ignored="0" total="2" passed="0">
  <reporter-output>
  </reporter-output>
  <suite name="Default suite" duration-ms="57303" started-at="2022-05-25T14:33:36 IST" finished-at="2022-05-25T14:34:33 IST">
    <groups>
    </groups>
    <test name="Default test" duration-ms="57303" started-at="2022-05-25T14:33:36 IST" finished-at="2022-05-25T14:34:33 IST">
      <class name="POMConfig.DriverPOM">
        <test-method status="PASS" signature="openBrowserTest()[pri:0, instance:POMConfig.DriverPOM@32eebfca]" name="openBrowserTest" is-config="true" duration-ms="53990" started-at="2022-05-25T14:33:36 IST" finished-at="2022-05-25T14:34:30 IST">
          <reporter-output>
          </reporter-output>
        </test-method> <!-- openBrowserTest -->
        <test-method status="FAIL" signature="loginTest1()[pri:0, instance:POMConfig.DriverPOM@32eebfca]" name="loginTest1" duration-ms="166" started-at="2022-05-25T14:34:31 IST" finished-at="2022-05-25T14:34:31 IST">
          <exception class="java.lang.Error">
            <message>
              <![CDATA[Unresolved compilation problem: 
The method validateLoginc() is undefined for the type Login
]]>
            </message>
            <full-stacktrace>
              <![CDATA[java.lang.Error: Unresolved compilation problem: 
The method validateLoginc() is undefined for the type Login

at POMConfig.DriverPOM.loginTest1(DriverPOM.java:36)
at sun.reflect.NativeMethodAccessorImpl.invoke0(Native Method)
at sun.reflect.NativeMethodAccessorImpl.invoke(NativeMethodAccessorImpl.java:62)
at sun.reflect.DelegatingMethodAccessorImpl.invoke(DelegatingMethodAccessorImpl.java:43)
at java.lang.reflect.Method.invoke(Method.java:498)
at org.testng.internal.MethodInvocationHelper.invokeMethod(MethodInvocationHelper.java:133)
at org.testng.internal.TestInvoker.invokeMethod(TestInvoker.java:598)
at org.testng.internal.TestInvoker.invokeTestMethod(TestInvoker.java:173)
at org.testng.internal.MethodRunner.runInSequence(MethodRunner.java:46)
at org.testng.internal.TestInvoker$MethodInvocationAgent.invoke(TestInvoker.java:824)
at org.testng.internal.TestInvoker.invokeTestMethods(TestInvoker.java:146)
at org.testng.internal.TestMethodWorker.invokeTestMethods(TestMethodWorker.java:146)
at org.testng.internal.TestMethodWorker.run(TestMethodWorker.java:128)
at java.util.ArrayList.forEach(ArrayList.java:1259)
at org.testng.TestRunner.privateRun(TestRunner.java:794)
at org.testng.TestRunner.run(TestRunner.java:596)
at org.testng.SuiteRunner.runTest(SuiteRunner.java:377)
at org.testng.SuiteRunner.runSequentially(SuiteRunner.java:371)
at org.testng.SuiteRunner.privateRun(SuiteRunner.java:332)
at org.testng.SuiteRunner.run(SuiteRunner.java:276)
at org.testng.SuiteRunnerWorker.runSuite(SuiteRunnerWorker.java:53)
at org.testng.SuiteRunnerWorker.run(SuiteRunnerWorker.java:96)
at org.testng.TestNG.runSuitesSequentially(TestNG.java:1212)
at org.testng.TestNG.runSuitesLocally(TestNG.java:1134)
at org.testng.TestNG.runSuites(TestNG.java:1063)
at org.testng.TestNG.run(TestNG.java:1031)
at org.testng.remote.AbstractRemoteTestNG.run(AbstractRemoteTestNG.java:115)
at org.testng.remote.RemoteTestNG.initAndRun(RemoteTestNG.java:251)
at org.testng.remote.RemoteTestNG.main(RemoteTestNG.java:77)
]]>
            </full-stacktrace>
          </exception> <!-- java.lang.Error -->
          <reporter-output>
          </reporter-output>
        </test-method> <!-- loginTest1 -->
        <test-method status="PASS" signature="takeScreeshot(org.testng.ITestResult)[pri:0, instance:POMConfig.DriverPOM@32eebfca]" name="takeScreeshot" is-config="true" duration-ms="1943" started-at="2022-05-25T14:34:31 IST" finished-at="2022-05-25T14:34:33 IST">
          <params>
            <param index="0">
              <value>
                <![CDATA[[TestResult name=loginTest1 status=FAILURE method=DriverPOM.loginTest1()[pri:0, instance:POMConfig.DriverPOM@32eebfca] output={null}]]]>
              </value>
            </param>
          </params>
          <reporter-output>
          </reporter-output>
        </test-method> <!-- takeScreeshot -->
        <test-method status="SKIP" signature="sendEmailTest2()[pri:0, instance:POMConfig.DriverPOM@32eebfca]" name="sendEmailTest2" duration-ms="0" started-at="2022-05-25T14:34:33 IST" depends-on-methods="POMConfig.DriverPOM.loginTest1" finished-at="2022-05-25T14:34:33 IST">
          <exception class="java.lang.Throwable">
            <message>
              <![CDATA[Method DriverPOM.sendEmailTest2()[pri:0, instance:POMConfig.DriverPOM@32eebfca] depends on not successfully finished methods]]>
            </message>
            <full-stacktrace>
              <![CDATA[java.lang.Throwable: Method DriverPOM.sendEmailTest2()[pri:0, instance:POMConfig.DriverPOM@32eebfca] depends on not successfully finished methods
at org.testng.internal.TestInvoker.invokeTestMethods(TestInvoker.java:102)
at org.testng.internal.TestMethodWorker.invokeTestMethods(TestMethodWorker.java:146)
at org.testng.internal.TestMethodWorker.run(TestMethodWorker.java:128)
at java.util.ArrayList.forEach(ArrayList.java:1259)
at org.testng.TestRunner.privateRun(TestRunner.java:794)
at org.testng.TestRunner.run(TestRunner.java:596)
at org.testng.SuiteRunner.runTest(SuiteRunner.java:377)
at org.testng.SuiteRunner.runSequentially(SuiteRunner.java:371)
at org.testng.SuiteRunner.privateRun(SuiteRunner.java:332)
at org.testng.SuiteRunner.run(SuiteRunner.java:276)
at org.testng.SuiteRunnerWorker.runSuite(SuiteRunnerWorker.java:53)
at org.testng.SuiteRunnerWorker.run(SuiteRunnerWorker.java:96)
at org.testng.TestNG.runSuitesSequentially(TestNG.java:1212)
at org.testng.TestNG.runSuitesLocally(TestNG.java:1134)
at org.testng.TestNG.runSuites(TestNG.java:1063)
at org.testng.TestNG.run(TestNG.java:1031)
at org.testng.remote.AbstractRemoteTestNG.run(AbstractRemoteTestNG.java:115)
at org.testng.remote.RemoteTestNG.initAndRun(RemoteTestNG.java:251)
at org.testng.remote.RemoteTestNG.main(RemoteTestNG.java:77)
]]>
            </full-stacktrace>
          </exception> <!-- java.lang.Throwable -->
          <reporter-output>
          </reporter-output>
        </test-method> <!-- sendEmailTest2 -->
        <test-method status="PASS" signature="closeDriverTest()[pri:0, instance:POMConfig.DriverPOM@32eebfca]" name="closeDriverTest" is-config="true" duration-ms="0" started-at="2022-05-25T14:34:33 IST" finished-at="2022-05-25T14:34:33 IST">
          <reporter-output>
          </reporter-output>
        </test-method> <!-- closeDriverTest -->
      </class> <!-- POMConfig.DriverPOM -->
    </test> <!-- Default test -->
  </suite> <!-- Default suite -->
</testng-results>
